<?xml version="1.0" encoding="UTF-8"?>
<testsuite xmlns:xsi="http://www.w3.org/2001/XMLSchema-instance" xsi:noNamespaceSchemaLocation="https://maven.apache.org/surefire/maven-surefire-plugin/xsd/surefire-test-report.xsd" name="cn.cqu.edu.AppTest" time="0.004" tests="1" errors="0" skipped="0" failures="0">
  <properties>
    <property name="java.specification.version" value="14"/>
    <property name="sun.cpu.isalist" value="amd64"/>
    <property name="sun.jnu.encoding" value="GBK"/>
    <property name="java.class.path" value="D:\Maven_projects\springweb\target\test-classes;D:\Maven_projects\springweb\target\classes;E:\apache-maven-3.8.2-bin\maven-repository\org\springframework\boot\spring-boot-starter\2.0.1.RELEASE\spring-boot-starter-2.0.1.RELEASE.jar;E:\apache-maven-3.8.2-bin\maven-repository\org\springframework\boot\spring-boot\2.0.1.RELEASE\spring-boot-2.0.1.RELEASE.jar;E:\apache-maven-3.8.2-bin\maven-repository\org\springframework\spring-context\5.0.5.RELEASE\spring-context-5.0.5.RELEASE.jar;E:\apache-maven-3.8.2-bin\maven-repository\org\springframework\boot\spring-boot-autoconfigure\2.0.1.RELEASE\spring-boot-autoconfigure-2.0.1.RELEASE.jar;E:\apache-maven-3.8.2-bin\maven-repository\org\springframework\boot\spring-boot-starter-logging\2.0.1.RELEASE\spring-boot-starter-logging-2.0.1.RELEASE.jar;E:\apache-maven-3.8.2-bin\maven-repository\ch\qos\logback\logback-classic\1.2.3\logback-classic-1.2.3.jar;E:\apache-maven-3.8.2-bin\maven-repository\ch\qos\logback\logback-core\1.2.3\logback-core-1.2.3.jar;E:\apache-maven-3.8.2-bin\maven-repository\org\slf4j\slf4j-api\1.7.25\slf4j-api-1.7.25.jar;E:\apache-maven-3.8.2-bin\maven-repository\org\apache\logging\log4j\log4j-to-slf4j\2.10.0\log4j-to-slf4j-2.10.0.jar;E:\apache-maven-3.8.2-bin\maven-repository\org\apache\logging\log4j\log4j-api\2.10.0\log4j-api-2.10.0.jar;E:\apache-maven-3.8.2-bin\maven-repository\org\slf4j\jul-to-slf4j\1.7.25\jul-to-slf4j-1.7.25.jar;E:\apache-maven-3.8.2-bin\maven-repository\javax\annotation\javax.annotation-api\1.3.2\javax.annotation-api-1.3.2.jar;E:\apache-maven-3.8.2-bin\maven-repository\org\springframework\spring-core\5.0.5.RELEASE\spring-core-5.0.5.RELEASE.jar;E:\apache-maven-3.8.2-bin\maven-repository\org\springframework\spring-jcl\5.0.5.RELEASE\spring-jcl-5.0.5.RELEASE.jar;E:\apache-maven-3.8.2-bin\maven-repository\org\yaml\snakeyaml\1.19\snakeyaml-1.19.jar;E:\apache-maven-3.8.2-bin\maven-repository\org\springframework\boot\spring-boot-starter-web\2.0.1.RELEASE\spring-boot-starter-web-2.0.1.RELEASE.jar;E:\apache-maven-3.8.2-bin\maven-repository\org\springframework\boot\spring-boot-starter-json\2.0.1.RELEASE\spring-boot-starter-json-2.0.1.RELEASE.jar;E:\apache-maven-3.8.2-bin\maven-repository\com\fasterxml\jackson\core\jackson-databind\2.9.5\jackson-databind-2.9.5.jar;E:\apache-maven-3.8.2-bin\maven-repository\com\fasterxml\jackson\core\jackson-annotations\2.9.0\jackson-annotations-2.9.0.jar;E:\apache-maven-3.8.2-bin\maven-repository\com\fasterxml\jackson\core\jackson-core\2.9.5\jackson-core-2.9.5.jar;E:\apache-maven-3.8.2-bin\maven-repository\com\fasterxml\jackson\datatype\jackson-datatype-jdk8\2.9.5\jackson-datatype-jdk8-2.9.5.jar;E:\apache-maven-3.8.2-bin\maven-repository\com\fasterxml\jackson\datatype\jackson-datatype-jsr310\2.9.5\jackson-datatype-jsr310-2.9.5.jar;E:\apache-maven-3.8.2-bin\maven-repository\com\fasterxml\jackson\module\jackson-module-parameter-names\2.9.5\jackson-module-parameter-names-2.9.5.jar;E:\apache-maven-3.8.2-bin\maven-repository\org\springframework\boot\spring-boot-starter-tomcat\2.0.1.RELEASE\spring-boot-starter-tomcat-2.0.1.RELEASE.jar;E:\apache-maven-3.8.2-bin\maven-repository\org\apache\tomcat\embed\tomcat-embed-core\8.5.29\tomcat-embed-core-8.5.29.jar;E:\apache-maven-3.8.2-bin\maven-repository\org\apache\tomcat\embed\tomcat-embed-el\8.5.29\tomcat-embed-el-8.5.29.jar;E:\apache-maven-3.8.2-bin\maven-repository\org\apache\tomcat\embed\tomcat-embed-websocket\8.5.29\tomcat-embed-websocket-8.5.29.jar;E:\apache-maven-3.8.2-bin\maven-repository\org\hibernate\validator\hibernate-validator\6.0.9.Final\hibernate-validator-6.0.9.Final.jar;E:\apache-maven-3.8.2-bin\maven-repository\javax\validation\validation-api\2.0.1.Final\validation-api-2.0.1.Final.jar;E:\apache-maven-3.8.2-bin\maven-repository\org\jboss\logging\jboss-logging\3.3.2.Final\jboss-logging-3.3.2.Final.jar;E:\apache-maven-3.8.2-bin\maven-repository\com\fasterxml\classmate\1.3.4\classmate-1.3.4.jar;E:\apache-maven-3.8.2-bin\maven-repository\org\springframework\spring-web\5.0.5.RELEASE\spring-web-5.0.5.RELEASE.jar;E:\apache-maven-3.8.2-bin\maven-repository\org\springframework\spring-beans\5.0.5.RELEASE\spring-beans-5.0.5.RELEASE.jar;E:\apache-maven-3.8.2-bin\maven-repository\org\springframework\spring-webmvc\5.0.5.RELEASE\spring-webmvc-5.0.5.RELEASE.jar;E:\apache-maven-3.8.2-bin\maven-repository\org\springframework\spring-aop\5.0.5.RELEASE\spring-aop-5.0.5.RELEASE.jar;E:\apache-maven-3.8.2-bin\maven-repository\org\springframework\spring-expression\5.0.5.RELEASE\spring-expression-5.0.5.RELEASE.jar;E:\apache-maven-3.8.2-bin\maven-repository\junit\junit\3.8.1\junit-3.8.1.jar;"/>
    <property name="java.vm.vendor" value="Oracle Corporation"/>
    <property name="sun.arch.data.model" value="64"/>
    <property name="user.variant" value=""/>
    <property name="java.vendor.url" value="https://java.oracle.com/"/>
    <property name="os.name" value="Windows 10"/>
    <property name="java.vm.specification.version" value="14"/>
    <property name="sun.java.launcher" value="SUN_STANDARD"/>
    <property name="user.country" value="CN"/>
    <property name="sun.boot.library.path" value="E:\java\Java\jdk-14.0.2\bin"/>
    <property name="sun.java.command" value="C:\Users\青柠檬~1\AppData\Local\Temp\surefire3453508267381524738\surefirebooter1228899532188794085.jar C:\Users\青柠檬zww\AppData\Local\Temp\surefire3453508267381524738 2021-10-10T15-59-19_896-jvmRun1 surefire16408049977844509681tmp surefire_08682661407414075239tmp"/>
    <property name="jdk.debug" value="release"/>
    <property name="surefire.test.class.path" value="D:\Maven_projects\springweb\target\test-classes;D:\Maven_projects\springweb\target\classes;E:\apache-maven-3.8.2-bin\maven-repository\org\springframework\boot\spring-boot-starter\2.0.1.RELEASE\spring-boot-starter-2.0.1.RELEASE.jar;E:\apache-maven-3.8.2-bin\maven-repository\org\springframework\boot\spring-boot\2.0.1.RELEASE\spring-boot-2.0.1.RELEASE.jar;E:\apache-maven-3.8.2-bin\maven-repository\org\springframework\spring-context\5.0.5.RELEASE\spring-context-5.0.5.RELEASE.jar;E:\apache-maven-3.8.2-bin\maven-repository\org\springframework\boot\spring-boot-autoconfigure\2.0.1.RELEASE\spring-boot-autoconfigure-2.0.1.RELEASE.jar;E:\apache-maven-3.8.2-bin\maven-repository\org\springframework\boot\spring-boot-starter-logging\2.0.1.RELEASE\spring-boot-starter-logging-2.0.1.RELEASE.jar;E:\apache-maven-3.8.2-bin\maven-repository\ch\qos\logback\logback-classic\1.2.3\logback-classic-1.2.3.jar;E:\apache-maven-3.8.2-bin\maven-repository\ch\qos\logback\logback-core\1.2.3\logback-core-1.2.3.jar;E:\apache-maven-3.8.2-bin\maven-repository\org\slf4j\slf4j-api\1.7.25\slf4j-api-1.7.25.jar;E:\apache-maven-3.8.2-bin\maven-repository\org\apache\logging\log4j\log4j-to-slf4j\2.10.0\log4j-to-slf4j-2.10.0.jar;E:\apache-maven-3.8.2-bin\maven-repository\org\apache\logging\log4j\log4j-api\2.10.0\log4j-api-2.10.0.jar;E:\apache-maven-3.8.2-bin\maven-repository\org\slf4j\jul-to-slf4j\1.7.25\jul-to-slf4j-1.7.25.jar;E:\apache-maven-3.8.2-bin\maven-repository\javax\annotation\javax.annotation-api\1.3.2\javax.annotation-api-1.3.2.jar;E:\apache-maven-3.8.2-bin\maven-repository\org\springframework\spring-core\5.0.5.RELEASE\spring-core-5.0.5.RELEASE.jar;E:\apache-maven-3.8.2-bin\maven-repository\org\springframework\spring-jcl\5.0.5.RELEASE\spring-jcl-5.0.5.RELEASE.jar;E:\apache-maven-3.8.2-bin\maven-repository\org\yaml\snakeyaml\1.19\snakeyaml-1.19.jar;E:\apache-maven-3.8.2-bin\maven-repository\org\springframework\boot\spring-boot-starter-web\2.0.1.RELEASE\spring-boot-starter-web-2.0.1.RELEASE.jar;E:\apache-maven-3.8.2-bin\maven-repository\org\springframework\boot\spring-boot-starter-json\2.0.1.RELEASE\spring-boot-starter-json-2.0.1.RELEASE.jar;E:\apache-maven-3.8.2-bin\maven-repository\com\fasterxml\jackson\core\jackson-databind\2.9.5\jackson-databind-2.9.5.jar;E:\apache-maven-3.8.2-bin\maven-repository\com\fasterxml\jackson\core\jackson-annotations\2.9.0\jackson-annotations-2.9.0.jar;E:\apache-maven-3.8.2-bin\maven-repository\com\fasterxml\jackson\core\jackson-core\2.9.5\jackson-core-2.9.5.jar;E:\apache-maven-3.8.2-bin\maven-repository\com\fasterxml\jackson\datatype\jackson-datatype-jdk8\2.9.5\jackson-datatype-jdk8-2.9.5.jar;E:\apache-maven-3.8.2-bin\maven-repository\com\fasterxml\jackson\datatype\jackson-datatype-jsr310\2.9.5\jackson-datatype-jsr310-2.9.5.jar;E:\apache-maven-3.8.2-bin\maven-repository\com\fasterxml\jackson\module\jackson-module-parameter-names\2.9.5\jackson-module-parameter-names-2.9.5.jar;E:\apache-maven-3.8.2-bin\maven-repository\org\springframework\boot\spring-boot-starter-tomcat\2.0.1.RELEASE\spring-boot-starter-tomcat-2.0.1.RELEASE.jar;E:\apache-maven-3.8.2-bin\maven-repository\org\apache\tomcat\embed\tomcat-embed-core\8.5.29\tomcat-embed-core-8.5.29.jar;E:\apache-maven-3.8.2-bin\maven-repository\org\apache\tomcat\embed\tomcat-embed-el\8.5.29\tomcat-embed-el-8.5.29.jar;E:\apache-maven-3.8.2-bin\maven-repository\org\apache\tomcat\embed\tomcat-embed-websocket\8.5.29\tomcat-embed-websocket-8.5.29.jar;E:\apache-maven-3.8.2-bin\maven-repository\org\hibernate\validator\hibernate-validator\6.0.9.Final\hibernate-validator-6.0.9.Final.jar;E:\apache-maven-3.8.2-bin\maven-repository\javax\validation\validation-api\2.0.1.Final\validation-api-2.0.1.Final.jar;E:\apache-maven-3.8.2-bin\maven-repository\org\jboss\logging\jboss-logging\3.3.2.Final\jboss-logging-3.3.2.Final.jar;E:\apache-maven-3.8.2-bin\maven-repository\com\fasterxml\classmate\1.3.4\classmate-1.3.4.jar;E:\apache-maven-3.8.2-bin\maven-repository\org\springframework\spring-web\5.0.5.RELEASE\spring-web-5.0.5.RELEASE.jar;E:\apache-maven-3.8.2-bin\maven-repository\org\springframework\spring-beans\5.0.5.RELEASE\spring-beans-5.0.5.RELEASE.jar;E:\apache-maven-3.8.2-bin\maven-repository\org\springframework\spring-webmvc\5.0.5.RELEASE\spring-webmvc-5.0.5.RELEASE.jar;E:\apache-maven-3.8.2-bin\maven-repository\org\springframework\spring-aop\5.0.5.RELEASE\spring-aop-5.0.5.RELEASE.jar;E:\apache-maven-3.8.2-bin\maven-repository\org\springframework\spring-expression\5.0.5.RELEASE\spring-expression-5.0.5.RELEASE.jar;E:\apache-maven-3.8.2-bin\maven-repository\junit\junit\3.8.1\junit-3.8.1.jar;"/>
    <property name="sun.cpu.endian" value="little"/>
    <property name="user.home" value="C:\Users\青柠檬zww"/>
    <property name="user.language" value="zh"/>
    <property name="java.specification.vendor" value="Oracle Corporation"/>
    <property name="java.version.date" value="2020-07-14"/>
    <property name="java.home" value="E:\java\Java\jdk-14.0.2"/>
    <property name="file.separator" value="\"/>
    <property name="basedir" value="D:\Maven_projects\springweb"/>
    <property name="java.vm.compressedOopsMode" value="32-bit"/>
    <property name="line.separator" value="&#10;"/>
    <property name="java.specification.name" value="Java Platform API Specification"/>
    <property name="java.vm.specification.vendor" value="Oracle Corporation"/>
    <property name="surefire.real.class.path" value="C:\Users\青柠檬~1\AppData\Local\Temp\surefire3453508267381524738\surefirebooter1228899532188794085.jar"/>
    <property name="user.script" value=""/>
    <property name="sun.management.compiler" value="HotSpot 64-Bit Tiered Compilers"/>
    <property name="java.runtime.version" value="14.0.2+12-46"/>
    <property name="user.name" value="青柠檬zww"/>
    <property name="path.separator" value=";"/>
    <property name="os.version" value="10.0"/>
    <property name="java.runtime.name" value="Java(TM) SE Runtime Environment"/>
    <property name="file.encoding" value="GBK"/>
    <property name="java.vm.name" value="Java HotSpot(TM) 64-Bit Server VM"/>
    <property name="localRepository" value="E:\apache-maven-3.8.2-bin\maven-repository"/>
    <property name="java.vendor.url.bug" value="https://bugreport.java.com/bugreport/"/>
    <property name="java.io.tmpdir" value="C:\Users\青柠檬~1\AppData\Local\Temp\"/>
    <property name="java.version" value="14.0.2"/>
    <property name="user.dir" value="D:\Maven_projects\springweb"/>
    <property name="os.arch" value="amd64"/>
    <property name="java.vm.specification.name" value="Java Virtual Machine Specification"/>
    <property name="sun.os.patch.level" value=""/>
    <property name="java.library.path" value="E:\java\Java\jdk-14.0.2\bin;C:\WINDOWS\Sun\Java\bin;C:\WINDOWS\system32;C:\WINDOWS;C:\Windows\system32;C:\Windows;C:\Windows\System32\Wbem;C:\Windows\System32\WindowsPowerShell\v1.0\;C:\Windows\System32\OpenSSH\;C:\Program Files (x86)\NVIDIA Corporation\PhysX\Common;C:\WINDOWS\system32;C:\WINDOWS;C:\WINDOWS\System32\Wbem;C:\WINDOWS\System32\WindowsPowerShell\v1.0\;C:\WINDOWS\System32\OpenSSH\;C:\Program Files\dotnet\;E:\Program Files\Polyspace\R2019b\bin;E:\Program Files\Polyspace\R2019b\polyspace\bin;E:\LINGO\;C:\Program Files\Microsoft VS Code\bin;E:\;C:\Program Files\Docker\Docker\resources\bin;C:\ProgramData\DockerDesktop\version-bin;E:\apache-maven-3.8.2-bin\apache-maven-3.8.2\bin;E:\apache-maven-3.8.2-bin\apache-maven-3.8.2\bin;%JAVA_HOME\bin;C:\Program Files\Git\cmd;D:\mongodb\bin;C:\Users\青柠檬zww\AppData\Local\Programs\Python\Python39\Scripts\;C:\Users\青柠檬zww\AppData\Local\Programs\Python\Python39\;C:\Users\青柠檬zww\AppData\Local\Microsoft\WindowsApps;E:\IDEA-APP\IntelliJ IDEA Community Edition 2020.2.4\bin;;C:\Program Files\Bandizip\;E:\texlive\2020\bin\win32;E:\PyCharm 2020.1.1\bin;;E:\java\Java\jdk-14.0.2\bin;;."/>
    <property name="java.vm.info" value="mixed mode, sharing"/>
    <property name="java.vendor" value="Oracle Corporation"/>
    <property name="java.vm.version" value="14.0.2+12-46"/>
    <property name="sun.io.unicode.encoding" value="UnicodeLittle"/>
    <property name="java.class.version" value="58.0"/>
  </properties>
  <testcase name="testApp" classname="cn.cqu.edu.AppTest" time="0"/>
</testsuite>